<?xml version="1.0" encoding="UTF-8"?>
<!-- Generated by org.testng.reporters.JUnitReportReporter -->
<testsuite hostname="islam-Inspiron-5570" failures="0" tests="1" name="tests.TestRegisteration_Login_EditProfile_ReserveHotel" time="19.634" errors="0" timestamp="2021-01-10T19:12:56 EET" skipped="0">
  <testcase classname="tests.TestRegisteration_Login_EditProfile_ReserveHotel" name="test_inputResgistrationData" time="19.634"/>
  <system-out/>
</testsuite> <!-- tests.TestRegisteration_Login_EditProfile_ReserveHotel -->
