<?xml version="1.0" encoding="UTF-8"?>
<!-- Generated by org.testng.reporters.JUnitReportReporter -->
<testsuite hostname="DESKTOP-21NHCNS" failures="0" tests="1" name="tests.TestRegisterationPageUsingJavaFaker" time="6.140" errors="0" timestamp="2020-12-02T11:29:58 EET" skipped="0">
  <testcase classname="tests.TestRegisterationPageUsingJavaFaker" name="test_inputBlogResgistrationData" time="6.140"/>
  <system-out/>
</testsuite> <!-- tests.TestRegisterationPageUsingJavaFaker -->
