<?xml version="1.0" encoding="UTF-8"?>
<!-- Generated by org.testng.reporters.JUnitReportReporter -->
<testsuite hostname="islam-Inspiron-5570" failures="0" tests="1" name="tests.TestRegisterationtAndLoginPageUsingJavaFaker" time="5.654" errors="0" timestamp="2021-01-03T21:23:57 EET" skipped="0">
  <testcase classname="tests.TestRegisterationtAndLoginPageUsingJavaFaker" name="test_inputResgistrationData" time="5.654"/>
  <system-out/>
</testsuite> <!-- tests.TestRegisterationtAndLoginPageUsingJavaFaker -->
