<?xml version="1.0" encoding="UTF-8"?>
<!-- Generated by org.testng.reporters.JUnitReportReporter -->
<testsuite hostname="islam-Inspiron-5570" failures="0" tests="1" name="tests.TestRegisterationtAndLoginPageUsingJavaFaker" time="6.476" errors="0" timestamp="2020-12-02T20:27:58 EET" skipped="0">
  <testcase classname="tests.TestRegisterationtAndLoginPageUsingJavaFaker" name="test_inputBlogResgistrationData" time="6.476"/>
  <system-out/>
</testsuite> <!-- tests.TestRegisterationtAndLoginPageUsingJavaFaker -->
