<?xml version="1.0" encoding="UTF-8"?>
<!-- Generated by org.testng.reporters.JUnitReportReporter -->
<<<<<<< HEAD
<testsuite hostname="DESKTOP-21NHCNS" failures="0" tests="1" name="tests.TestMyProfile" time="16.831" errors="0" timestamp="2021-01-01T20:42:31 EET" skipped="0">
  <testcase classname="tests.TestMyProfile" name="test_inputResgistrationData" time="16.831"/>
=======
<testsuite hostname="islam-Inspiron-5570" failures="0" tests="1" name="tests.TestMyProfile" time="13.216" errors="0" timestamp="2021-01-03T21:54:25 EET" skipped="0">
  <testcase classname="tests.TestMyProfile" name="test_inputResgistrationData" time="13.216"/>
>>>>>>> b8cb1cee69d936411ea1b7658ea33bfed43186f5
  <system-out/>
</testsuite> <!-- tests.TestMyProfile -->
