<?xml version="1.0" encoding="UTF-8"?>
<!-- Generated by org.testng.reporters.JUnitReportReporter -->
<<<<<<< HEAD
<testsuite hostname="islam-Inspiron-5570" failures="0" tests="1" name="tests.TestMyProfile" time="13.457" errors="0" timestamp="2021-01-03T21:29:53 EET" skipped="0">
  <testcase classname="tests.TestMyProfile" name="test_inputResgistrationData" time="13.457"/>
=======
<<<<<<< HEAD
<testsuite hostname="DESKTOP-21NHCNS" failures="0" tests="1" name="tests.TestMyProfile" time="26.812" errors="0" timestamp="2020-12-27T12:44:41 EET" skipped="0">
  <testcase classname="tests.TestMyProfile" name="test_inputBlogResgistrationData" time="26.812"/>
=======
<testsuite hostname="islam-Inspiron-5570" failures="0" tests="1" name="tests.TestMyProfile" time="12.480" errors="0" timestamp="2020-12-30T20:41:52 EET" skipped="0">
  <testcase classname="tests.TestMyProfile" name="test_inputResgistrationData" time="12.480"/>
>>>>>>> 51e9e7825a970b955d45f8142b9d0d865ec412d0
>>>>>>> 02f87eb857f9c1aa9e864a2216cae803557ea931
  <system-out/>
</testsuite> <!-- tests.TestMyProfile -->
