<?xml version="1.0" encoding="UTF-8"?>
<!-- Generated by org.testng.reporters.JUnitReportReporter -->
<testsuite hostname="DESKTOP-21NHCNS" failures="0" tests="1" name="tests.TestMyProfile" time="10.715" errors="0" timestamp="2020-12-27T08:15:23 EET" skipped="0">
  <testcase classname="tests.TestMyProfile" name="test_inputBlogResgistrationData" time="10.715"/>
  <system-out/>
</testsuite> <!-- tests.TestMyProfile -->
