<?xml version="1.0" encoding="UTF-8"?>
<!-- Generated by org.testng.reporters.JUnitReportReporter -->
<testsuite hostname="islam-Inspiron-5570" failures="0" tests="1" name="tests.TestMyProfile" time="13.457" errors="0" timestamp="2021-01-03T21:29:53 EET" skipped="0">
  <testcase classname="tests.TestMyProfile" name="test_inputResgistrationData" time="13.457"/>
  <system-out/>
</testsuite> <!-- tests.TestMyProfile -->
