<?xml version="1.0" encoding="UTF-8"?>
<!-- Generated by org.testng.reporters.JUnitReportReporter -->
<testsuite hostname="DESKTOP-21NHCNS" failures="0" tests="1" name="tests.TestMyProfile" time="11.755" errors="0" timestamp="2020-12-21T14:18:34 EET" skipped="0">
  <testcase classname="tests.TestMyProfile" name="test_inputBlogResgistrationData" time="11.755"/>
  <system-out/>
</testsuite> <!-- tests.TestMyProfile -->
