<?xml version="1.0" encoding="UTF-8"?>
<!-- Generated by org.testng.reporters.JUnitReportReporter -->
<testsuite hostname="DESKTOP-21NHCNS" failures="0" tests="2" name="tests.BlogRegisterationPageTest" time="7.934" errors="0" timestamp="2020-11-24T14:08:17 EET" skipped="0">
  <testcase classname="tests.BlogRegisterationPageTest" name="test_openBlogPage" time="5.517"/>
  <system-out/>
  <testcase classname="tests.BlogRegisterationPageTest" name="test_openBlogRegistrationPage" time="2.417"/>
  <system-out/>
</testsuite> <!-- tests.BlogRegisterationPageTest -->
