<?xml version="1.0" encoding="UTF-8"?>
<!-- Generated by org.testng.reporters.JUnitReportReporter -->
<testsuite hostname="islam-Inspiron-5570" failures="0" tests="1" name="tests.TestRegisteration_Login_EditProfile_ReserveHotel_ReserveFlight_ViewAllReservation" time="81.464" errors="0" timestamp="2021-03-09T19:25:56 EET" skipped="0">
  <testcase classname="tests.TestRegisteration_Login_EditProfile_ReserveHotel_ReserveFlight_ViewAllReservation" name="test_inputResgistrationData" time="81.464"/>
  <system-out/>
</testsuite> <!-- tests.TestRegisteration_Login_EditProfile_ReserveHotel_ReserveFlight_ViewAllReservation -->
