<?xml version="1.0" encoding="UTF-8"?>
<!-- Generated by org.testng.reporters.JUnitReportReporter -->
<testsuite hostname="islam-Inspiron-5570" failures="0" tests="1" name="tests.TestRegisterationtAndLoginPageUsingJavaFaker" time="5.628" errors="0" timestamp="2020-12-02T20:32:12 EET" skipped="0">
  <testcase classname="tests.TestRegisterationtAndLoginPageUsingJavaFaker" name="test_inputBlogResgistrationData" time="5.628"/>
  <system-out/>
</testsuite> <!-- tests.TestRegisterationtAndLoginPageUsingJavaFaker -->
