<?xml version="1.0" encoding="UTF-8"?>
<!-- Generated by org.testng.reporters.JUnitReportReporter -->
<testsuite hostname="DESKTOP-21NHCNS" failures="0" tests="2" name="tests.BlogRegisterationPageTest" time="6.085" errors="0" timestamp="2020-11-24T14:01:45 EET" skipped="0">
  <testcase classname="tests.BlogRegisterationPageTest" name="test_openBlogPage" time="4.404"/>
  <system-out/>
  <testcase classname="tests.BlogRegisterationPageTest" name="test_openBlogRegistrationPage" time="1.681"/>
  <system-out/>
</testsuite> <!-- tests.BlogRegisterationPageTest -->
