<?xml version="1.0" encoding="UTF-8"?>
<!-- Generated by org.testng.reporters.JUnitReportReporter -->
<testsuite hostname="islam-Inspiron-5570" failures="0" tests="1" name="tests.TestRegisterationPageUsingJavaFaker" time="2.876" errors="0" timestamp="2021-01-03T21:24:48 EET" skipped="0">
  <testcase classname="tests.TestRegisterationPageUsingJavaFaker" name="test_inputResgistrationData" time="2.876"/>
  <system-out/>
</testsuite> <!-- tests.TestRegisterationPageUsingJavaFaker -->
