<?xml version="1.0" encoding="UTF-8"?>
<!-- Generated by org.testng.reporters.JUnitReportReporter -->
<testsuite hostname="DESKTOP-21NHCNS" failures="0" tests="2" name="tests.BlogRegisterationPageTestUsingJavaFaker" time="59.103" errors="0" timestamp="2020-11-26T12:22:55 EET" skipped="0">
  <testcase classname="tests.BlogRegisterationPageTestUsingJavaFaker" name="test_openBlogPage" time="10.580"/>
  <system-out/>
  <testcase classname="tests.BlogRegisterationPageTestUsingJavaFaker" name="test_openBlogRegistrationPage" time="48.523"/>
  <system-out/>
</testsuite> <!-- tests.BlogRegisterationPageTestUsingJavaFaker -->
