<?xml version="1.0" encoding="UTF-8"?>
<!-- Generated by org.testng.reporters.JUnitReportReporter -->
<testsuite hostname="islam-Inspiron-5570" failures="0" tests="1" name="tests.TestRegisterationPageTestUsingJavaFaker" time="2.118" errors="0" timestamp="2020-11-27T14:33:03 EET" skipped="0">
  <testcase classname="tests.TestRegisterationPageTestUsingJavaFaker" name="test_inputBlogResgistrationData" time="2.118"/>
  <system-out/>
</testsuite> <!-- tests.TestRegisterationPageTestUsingJavaFaker -->
