<?xml version="1.0" encoding="UTF-8"?>
<!-- Generated by org.testng.reporters.JUnitReportReporter -->
<testsuite hostname="islam-Inspiron-5570" failures="0" tests="1" name="tests.TestMyProfile" time="7.353" errors="0" timestamp="2020-12-26T23:26:34 EET" skipped="0">
  <testcase classname="tests.TestMyProfile" name="test_inputBlogResgistrationData" time="7.353"/>
  <system-out/>
</testsuite> <!-- tests.TestMyProfile -->
