<?xml version="1.0" encoding="UTF-8"?>
<!-- Generated by org.testng.reporters.JUnitReportReporter -->
<testsuite hostname="islam-Inspiron-5570" failures="0" tests="2" name="tests.BlogRegisterationPageTest" time="1.412" errors="0" timestamp="2020-11-25T06:34:36 EET" skipped="0">
  <testcase classname="tests.BlogRegisterationPageTest" name="test_openBlogPage" time="1.043"/>
  <system-out/>
  <testcase classname="tests.BlogRegisterationPageTest" name="test_openBlogRegistrationPage" time="0.369"/>
  <system-out/>
</testsuite> <!-- tests.BlogRegisterationPageTest -->
