<?xml version="1.0" encoding="UTF-8"?>
<!-- Generated by org.testng.reporters.JUnitReportReporter -->
<testsuite hostname="islam-Inspiron-5570" failures="0" tests="1" name="tests.OpenregistrationPage" time="1.314" errors="0" timestamp="2020-11-21T21:14:41 EET" skipped="0">
  <testcase classname="tests.OpenregistrationPage" name="openpage" time="1.314"/>
  <system-out/>
</testsuite> <!-- tests.OpenregistrationPage -->
