<?xml version="1.0" encoding="UTF-8"?>
<!-- Generated by org.testng.reporters.JUnitReportReporter -->
<testsuite hostname="DESKTOP-21NHCNS" failures="0" tests="1" name="tests.TestRegisterationPageTestUsingJavaFaker" time="6.105" errors="0" timestamp="2020-12-02T11:05:52 EET" skipped="0">
  <testcase classname="tests.TestRegisterationPageTestUsingJavaFaker" name="test_inputBlogResgistrationData" time="6.105"/>
  <system-out/>
</testsuite> <!-- tests.TestRegisterationPageTestUsingJavaFaker -->
