<?xml version="1.0" encoding="UTF-8"?>
<!-- Generated by org.testng.reporters.JUnitReportReporter -->
<testsuite hostname="DESKTOP-21NHCNS" failures="0" tests="1" name="tests.TestViewAllReservation" time="2.130" errors="0" timestamp="2021-03-10T13:30:51 EET" skipped="0">
  <testcase classname="tests.TestViewAllReservation" name="test_viewAllReservation" time="2.130"/>
  <system-out/>
</testsuite> <!-- tests.TestViewAllReservation -->
