<?xml version="1.0" encoding="UTF-8"?>
<!-- Generated by org.testng.reporters.JUnitReportReporter -->
<testsuite hostname="DESKTOP-21NHCNS" failures="0" tests="1" name="tests.TestFlightReservation" time="34.558" errors="0" timestamp="2021-03-10T13:30:51 EET" skipped="0">
  <testcase classname="tests.TestFlightReservation" name="test_FlightReservation" time="34.558"/>
  <system-out/>
</testsuite> <!-- tests.TestFlightReservation -->
