<?xml version="1.0" encoding="UTF-8"?>
<!-- Generated by org.testng.reporters.JUnitReportReporter -->
<testsuite hostname="islam-Inspiron-5570" failures="0" tests="2" name="tests.BlogRegisterationPageTestUsingJavaFaker" time="2.209" errors="0" timestamp="2020-11-26T18:06:07 EET" skipped="0">
  <testcase classname="tests.BlogRegisterationPageTestUsingJavaFaker" name="test_openBlogPage" time="1.241"/>
  <system-out/>
  <testcase classname="tests.BlogRegisterationPageTestUsingJavaFaker" name="test_openBlogRegistrationPage" time="0.968"/>
  <system-out/>
</testsuite> <!-- tests.BlogRegisterationPageTestUsingJavaFaker -->
