<?xml version="1.0" encoding="UTF-8"?>
<!-- Generated by org.testng.reporters.JUnitReportReporter -->
<testsuite hostname="DESKTOP-21NHCNS" failures="0" tests="1" name="tests.TestRegisterationtAndLoginPageUsingJavaFaker" time="7.029" errors="0" timestamp="2020-12-21T13:40:23 EET" skipped="0">
  <testcase classname="tests.TestRegisterationtAndLoginPageUsingJavaFaker" name="test_inputBlogResgistrationData" time="7.029"/>
  <system-out/>
</testsuite> <!-- tests.TestRegisterationtAndLoginPageUsingJavaFaker -->
