<?xml version="1.0" encoding="UTF-8"?>
<!-- Generated by org.testng.reporters.JUnitReportReporter -->
<testsuite hostname="DESKTOP-21NHCNS" failures="0" tests="1" name="tests.TestRegisteration" time="5.470" errors="0" timestamp="2021-03-10T11:44:24 EET" skipped="0">
  <testcase classname="tests.TestRegisteration" name="test_inputResgistrationData" time="5.470"/>
  <system-out/>
</testsuite> <!-- tests.TestRegisteration -->
