<?xml version="1.0" encoding="UTF-8"?>
<!-- Generated by org.testng.reporters.JUnitReportReporter -->
<testsuite hostname="DESKTOP-21NHCNS" failures="0" tests="1" name="tests.TestMyProfile" time="16.831" errors="0" timestamp="2021-01-01T20:42:31 EET" skipped="0">
  <testcase classname="tests.TestMyProfile" name="test_inputResgistrationData" time="16.831"/>
  <system-out/>
</testsuite> <!-- tests.TestMyProfile -->
