<?xml version="1.0" encoding="UTF-8"?>
<!-- Generated by org.testng.reporters.JUnitReportReporter -->
<testsuite hostname="islam-Inspiron-5570" failures="0" tests="1" name="tests.TestMyProfile" time="8.329" errors="0" timestamp="2020-12-27T18:44:44 EET" skipped="0">
  <testcase classname="tests.TestMyProfile" name="test_inputBlogResgistrationData" time="8.329"/>
  <system-out/>
</testsuite> <!-- tests.TestMyProfile -->
