<?xml version="1.0" encoding="UTF-8"?>
<!-- Generated by org.testng.reporters.JUnitReportReporter -->
<testsuite hostname="DESKTOP-21NHCNS" failures="0" tests="2" name="tests.BlogRegisterationPageTest" time="5.034" errors="0" timestamp="2020-11-24T11:01:33 EET" skipped="0">
  <testcase classname="tests.BlogRegisterationPageTest" name="test_openBlogPage" time="3.478"/>
  <system-out/>
  <testcase classname="tests.BlogRegisterationPageTest" name="test_openBlogRegistrationPage" time="1.556"/>
  <system-out/>
</testsuite> <!-- tests.BlogRegisterationPageTest -->
