<?xml version="1.0" encoding="UTF-8"?>
<!-- Generated by org.testng.reporters.JUnitReportReporter -->
<testsuite hostname="DESKTOP-21NHCNS" failures="0" tests="1" name="tests.TestRegisteration_Login_EditProfile_ReserveHotel" time="28.658" errors="0" timestamp="2021-01-04T12:30:16 EET" skipped="0">
  <testcase classname="tests.TestRegisteration_Login_EditProfile_ReserveHotel" name="test_inputResgistrationData" time="28.658"/>
  <system-out/>
</testsuite> <!-- tests.TestRegisteration_Login_EditProfile_ReserveHotel -->
