<?xml version="1.0" encoding="UTF-8"?>
<!-- Generated by org.testng.reporters.JUnitReportReporter -->
<testsuite hostname="islam-Inspiron-5570" failures="0" tests="2" name="tests.BlogRegisterationPageTest" time="2.376" errors="0" timestamp="2020-11-25T17:39:18 EET" skipped="0">
  <testcase classname="tests.BlogRegisterationPageTest" name="test_openBlogPage" time="1.365"/>
  <system-out/>
  <testcase classname="tests.BlogRegisterationPageTest" name="test_openBlogRegistrationPage" time="1.011"/>
  <system-out/>
</testsuite> <!-- tests.BlogRegisterationPageTest -->
