<?xml version="1.0" encoding="UTF-8"?>
<!-- Generated by org.testng.reporters.JUnitReportReporter -->
<testsuite hostname="DESKTOP-21NHCNS" failures="0" tests="1" name="tests.TestMyProfile" time="26.812" errors="0" timestamp="2020-12-27T12:44:41 EET" skipped="0">
  <testcase classname="tests.TestMyProfile" name="test_inputBlogResgistrationData" time="26.812"/>
  <system-out/>
</testsuite> <!-- tests.TestMyProfile -->
