<?xml version="1.0" encoding="UTF-8"?>
<!-- Generated by org.testng.reporters.JUnitReportReporter -->
<testsuite hostname="DESKTOP-21NHCNS" failures="0" tests="1" name="tests.TestMyAccount" time="8.669" errors="0" timestamp="2020-12-23T11:27:16 EET" skipped="0">
  <testcase classname="tests.TestMyAccount" name="test_inputBlogResgistrationData" time="8.669"/>
  <system-out/>
</testsuite> <!-- tests.TestMyAccount -->
