<?xml version="1.0" encoding="UTF-8"?>
<!-- Generated by org.testng.reporters.JUnitReportReporter -->
<<<<<<< HEAD
<testsuite hostname="islam-Inspiron-5570" failures="0" tests="1" name="tests.TestRegisteration_Login_EditProfile_ReserveHotel" time="66.862" errors="0" timestamp="2021-03-08T17:37:03 EET" skipped="0">
  <testcase classname="tests.TestRegisteration_Login_EditProfile_ReserveHotel" name="test_inputResgistrationData" time="66.862"/>
=======
<testsuite hostname="DESKTOP-21NHCNS" failures="0" tests="1" name="tests.TestRegisteration_Login_EditProfile_ReserveHotel" time="79.848" errors="0" timestamp="2021-03-08T11:34:39 EET" skipped="0">
  <testcase classname="tests.TestRegisteration_Login_EditProfile_ReserveHotel" name="test_inputResgistrationData" time="79.848"/>
>>>>>>> 7b869333660f0e491dfe8760716a70724e30052b
  <system-out/>
</testsuite> <!-- tests.TestRegisteration_Login_EditProfile_ReserveHotel -->
