<?xml version="1.0" encoding="UTF-8"?>
<!-- Generated by org.testng.reporters.JUnitReportReporter -->
<testsuite hostname="DESKTOP-21NHCNS" failures="0" tests="2" name="tests.BlogRegisterationPageTest" time="17.592" errors="0" timestamp="2020-11-24T13:50:03 EET" skipped="0">
  <testcase classname="tests.BlogRegisterationPageTest" name="test_openBlogPage" time="9.711"/>
  <system-out/>
  <testcase classname="tests.BlogRegisterationPageTest" name="test_openBlogRegistrationPage" time="7.881"/>
  <system-out/>
</testsuite> <!-- tests.BlogRegisterationPageTest -->
