<?xml version="1.0" encoding="UTF-8"?>
<!-- Generated by org.testng.reporters.JUnitReportReporter -->
<testsuite hostname="islam-Inspiron-5570" failures="0" tests="2" name="tests.BlogRegisterationPageTest" time="6.226" errors="0" timestamp="2020-11-24T21:08:36 EET" skipped="0">
  <testcase classname="tests.BlogRegisterationPageTest" name="test_openBlogPage" time="5.120"/>
  <system-out/>
  <testcase classname="tests.BlogRegisterationPageTest" name="test_openBlogRegistrationPage" time="1.106"/>
  <system-out/>
</testsuite> <!-- tests.BlogRegisterationPageTest -->
