<?xml version="1.0" encoding="UTF-8"?>
<!-- Generated by org.testng.reporters.JUnitReportReporter -->
<<<<<<< HEAD
<testsuite hostname="islam-Inspiron-5570" failures="0" tests="1" name="tests.TestRegisterationPageTestUsingJavaFaker" time="2.090" errors="0" timestamp="2020-11-28T00:01:30 EET" skipped="0">
  <testcase classname="tests.TestRegisterationPageTestUsingJavaFaker" name="test_inputBlogResgistrationData" time="2.090"/>
=======
<testsuite hostname="DESKTOP-21NHCNS" failures="0" tests="1" name="tests.TestRegisterationPageTestUsingJavaFaker" time="6.105" errors="0" timestamp="2020-12-02T11:05:52 EET" skipped="0">
  <testcase classname="tests.TestRegisterationPageTestUsingJavaFaker" name="test_inputBlogResgistrationData" time="6.105"/>
>>>>>>> f0c5069e3d07895ef4ee8f290b23806c236d6e64
  <system-out/>
</testsuite> <!-- tests.TestRegisterationPageTestUsingJavaFaker -->
