<?xml version="1.0" encoding="UTF-8"?>
<!-- Generated by org.testng.reporters.JUnitReportReporter -->
<testsuite hostname="islam-Inspiron-5570" failures="0" tests="2" name="tests.BlogRegisterationPageTestUsingJavaFaker" time="5.015" errors="0" timestamp="2020-11-26T17:50:42 EET" skipped="0">
  <testcase classname="tests.BlogRegisterationPageTestUsingJavaFaker" name="test_openBlogPage" time="1.575"/>
  <system-out/>
  <testcase classname="tests.BlogRegisterationPageTestUsingJavaFaker" name="test_openBlogRegistrationPage" time="3.440"/>
  <system-out/>
</testsuite> <!-- tests.BlogRegisterationPageTestUsingJavaFaker -->
