<?xml version="1.0" encoding="UTF-8"?>
<!-- Generated by org.testng.reporters.JUnitReportReporter -->
<testsuite hostname="islam-Inspiron-5570" failures="0" tests="1" name="tests.TestLogin" time="1.348" errors="0" timestamp="2021-05-20T07:53:42 EET" skipped="0">
  <testcase classname="tests.TestLogin" name="test_Logout" time="1.348"/>
  <system-out/>
</testsuite> <!-- tests.TestLogin -->
