<?xml version="1.0" encoding="UTF-8"?>
<!-- Generated by org.testng.reporters.JUnitReportReporter -->
<testsuite hostname="islam-Inspiron-5570" failures="0" tests="1" name="tests.TestViewAllReservation" time="1.289" errors="0" timestamp="2021-03-10T20:43:16 EET" skipped="0">
  <testcase classname="tests.TestViewAllReservation" name="test_viewAllReservation" time="1.289"/>
  <system-out/>
</testsuite> <!-- tests.TestViewAllReservation -->
