<?xml version="1.0" encoding="UTF-8"?>
<!-- Generated by org.testng.reporters.JUnitReportReporter -->
<testsuite hostname="islam-Inspiron-5570" failures="0" tests="1" name="tests.RegisterationPageTest" time="0.084" errors="0" timestamp="2020-11-20T17:02:43 EET" skipped="0">
  <testcase classname="tests.RegisterationPageTest" name="test_inputTheRegisterationData" time="0.084"/>
  <system-out/>
</testsuite> <!-- tests.RegisterationPageTest -->
