<?xml version="1.0" encoding="UTF-8"?>
<!-- Generated by org.testng.reporters.JUnitReportReporter -->
<testsuite hostname="DESKTOP-21NHCNS" failures="0" tests="1" name="tests.TestLogout" time="2.311" errors="0" timestamp="2021-03-10T11:44:24 EET" skipped="0">
  <testcase classname="tests.TestLogout" name="test_inputResgistrationData" time="2.311"/>
  <system-out/>
</testsuite> <!-- tests.TestLogout -->
