<?xml version="1.0" encoding="UTF-8"?>
<!-- Generated by org.testng.reporters.JUnitReportReporter -->
<testsuite hostname="DESKTOP-21NHCNS" failures="0" tests="1" name="tests.TestRegisteration" time="4.681" errors="0" timestamp="2021-03-10T13:30:51 EET" skipped="0">
  <testcase classname="tests.TestRegisteration" name="test_inputResgistrationData" time="4.681"/>
  <system-out/>
</testsuite> <!-- tests.TestRegisteration -->
