<?xml version="1.0" encoding="UTF-8"?>
<!-- Generated by org.testng.reporters.JUnitReportReporter -->
<testsuite hostname="DESKTOP-21NHCNS" failures="0" tests="1" name="tests.TestHotelReservation" time="29.385" errors="0" timestamp="2021-03-10T13:30:51 EET" skipped="0">
  <testcase classname="tests.TestHotelReservation" name="test_hotelReservation" time="29.385"/>
  <system-out/>
</testsuite> <!-- tests.TestHotelReservation -->
