<?xml version="1.0" encoding="UTF-8"?>
<!-- Generated by org.testng.reporters.JUnitReportReporter -->
<<<<<<< HEAD
<testsuite hostname="DESKTOP-21NHCNS" failures="0" tests="1" name="tests.TestMyProfile" time="9.730" errors="0" timestamp="2020-12-26T23:05:07 EET" skipped="0">
  <testcase classname="tests.TestMyProfile" name="test_inputBlogResgistrationData" time="9.730"/>
=======
<testsuite hostname="islam-Inspiron-5570" failures="0" tests="1" name="tests.TestMyProfile" time="8.185" errors="0" timestamp="2020-12-21T19:36:34 EET" skipped="0">
  <testcase classname="tests.TestMyProfile" name="test_inputBlogResgistrationData" time="8.185"/>
>>>>>>> 151694a834ecf3434ba1a93ace536d31951a612a
  <system-out/>
</testsuite> <!-- tests.TestMyProfile -->
