<?xml version="1.0" encoding="UTF-8"?>
<!-- Generated by org.testng.reporters.JUnitReportReporter -->
<<<<<<< HEAD
<testsuite hostname="DESKTOP-21NHCNS" failures="0" tests="1" name="tests.TestRegisteration_Login_EditProfile_ReserveHotel" time="33.875" errors="0" timestamp="2021-01-11T11:55:35 EET" skipped="0">
  <testcase classname="tests.TestRegisteration_Login_EditProfile_ReserveHotel" name="test_inputResgistrationData" time="33.875"/>
=======
<testsuite hostname="islam-Inspiron-5570" failures="0" tests="1" name="tests.TestRegisteration_Login_EditProfile_ReserveHotel" time="42.002" errors="0" timestamp="2021-01-11T20:22:26 EET" skipped="0">
  <testcase classname="tests.TestRegisteration_Login_EditProfile_ReserveHotel" name="test_inputResgistrationData" time="42.002"/>
>>>>>>> f66208fe23ae9249b5c27ac9a16d9ccbedd86d28
  <system-out/>
</testsuite> <!-- tests.TestRegisteration_Login_EditProfile_ReserveHotel -->
