<?xml version="1.0" encoding="UTF-8"?>
<!-- Generated by org.testng.reporters.JUnitReportReporter -->
<testsuite hostname="DESKTOP-21NHCNS" failures="0" tests="1" name="tests.TestLogout" time="1.879" errors="0" timestamp="2021-03-10T13:30:51 EET" skipped="0">
  <testcase classname="tests.TestLogout" name="test_Logout" time="1.879"/>
  <system-out/>
</testsuite> <!-- tests.TestLogout -->
