<?xml version="1.0" encoding="UTF-8"?>
<!-- Generated by org.testng.reporters.JUnitReportReporter -->
<testsuite hostname="islam-Inspiron-5570" failures="0" tests="1" name="tests.TestMyProfile" time="12.480" errors="0" timestamp="2020-12-30T20:41:52 EET" skipped="0">
  <testcase classname="tests.TestMyProfile" name="test_inputResgistrationData" time="12.480"/>
  <system-out/>
</testsuite> <!-- tests.TestMyProfile -->
